0 info it worked if it ends with ok
1 verbose cli [ 'node', '/usr/local/bin/npm', 'install', 'jekyll' ]
2 info using npm@1.4.7
3 info using node@v0.10.26
4 verbose node symlink /usr/local/bin/node
5 verbose readDependencies using package.json deps
6 verbose cache add [ 'jekyll', null ]
7 verbose cache add name=undefined spec="jekyll" args=["jekyll",null]
8 verbose parsed url { protocol: null,
8 verbose parsed url   slashes: null,
8 verbose parsed url   auth: null,
8 verbose parsed url   host: null,
8 verbose parsed url   port: null,
8 verbose parsed url   hostname: null,
8 verbose parsed url   hash: null,
8 verbose parsed url   search: null,
8 verbose parsed url   query: null,
8 verbose parsed url   pathname: 'jekyll',
8 verbose parsed url   path: 'jekyll',
8 verbose parsed url   href: 'jekyll' }
9 silly lockFile bfc0b666-jekyll jekyll
10 verbose lock jekyll /Users/borisrorsvort/.npm/bfc0b666-jekyll.lock
11 silly lockFile bfc0b666-jekyll jekyll
12 silly lockFile bfc0b666-jekyll jekyll
13 verbose addNamed [ 'jekyll', '' ]
14 verbose addNamed [ null, '*' ]
15 silly lockFile c8fd568e-jekyll jekyll@
16 verbose lock jekyll@ /Users/borisrorsvort/.npm/c8fd568e-jekyll.lock
17 silly addNameRange { name: 'jekyll', range: '*', hasData: false }
18 verbose url raw jekyll
19 verbose url resolving [ 'https://registry.npmjs.org/', './jekyll' ]
20 verbose url resolved https://registry.npmjs.org/jekyll
21 info trying registry request attempt 1 at 22:29:10
22 http GET https://registry.npmjs.org/jekyll
23 http 404 https://registry.npmjs.org/jekyll
24 verbose headers { date: 'Thu, 24 Apr 2014 20:29:10 GMT',
24 verbose headers   server: 'CouchDB/1.5.0 (Erlang OTP/R14B04)',
24 verbose headers   'content-type': 'application/json',
24 verbose headers   via: '1.1 varnish',
24 verbose headers   'cache-control': 'max-age=0',
24 verbose headers   'content-length': '52',
24 verbose headers   'accept-ranges': 'bytes',
24 verbose headers   age: '0',
24 verbose headers   'x-served-by': 'cache-v44-ASH, cache-lcy1126-LCY',
24 verbose headers   'x-cache': 'MISS, MISS',
24 verbose headers   'x-cache-hits': '0, 0',
24 verbose headers   'x-timer': 'S1398371350.787555933,VS0,VS38,VE134,VE174',
24 verbose headers   'keep-alive': 'timeout=10, max=50',
24 verbose headers   connection: 'Keep-Alive' }
25 silly registry.get cb [ 404,
25 silly registry.get   { date: 'Thu, 24 Apr 2014 20:29:10 GMT',
25 silly registry.get     server: 'CouchDB/1.5.0 (Erlang OTP/R14B04)',
25 silly registry.get     'content-type': 'application/json',
25 silly registry.get     via: '1.1 varnish',
25 silly registry.get     'cache-control': 'max-age=0',
25 silly registry.get     'content-length': '52',
25 silly registry.get     'accept-ranges': 'bytes',
25 silly registry.get     age: '0',
25 silly registry.get     'x-served-by': 'cache-v44-ASH, cache-lcy1126-LCY',
25 silly registry.get     'x-cache': 'MISS, MISS',
25 silly registry.get     'x-cache-hits': '0, 0',
25 silly registry.get     'x-timer': 'S1398371350.787555933,VS0,VS38,VE134,VE174',
25 silly registry.get     'keep-alive': 'timeout=10, max=50',
25 silly registry.get     connection: 'Keep-Alive' } ]
26 silly lockFile c8fd568e-jekyll jekyll@
27 silly lockFile c8fd568e-jekyll jekyll@
28 error 404 404 Not Found: jekyll
28 error 404
28 error 404 'jekyll' is not in the npm registry.
28 error 404 You should bug the author to publish it
28 error 404 It was specified as a dependency of 'attacwb'
28 error 404
28 error 404 Note that you can also install from a
28 error 404 tarball, folder, or http url, or git url.
29 error System Darwin 13.1.0
30 error command "node" "/usr/local/bin/npm" "install" "jekyll"
31 error cwd /Users/borisrorsvort/Sites/attacwb
32 error node -v v0.10.26
33 error npm -v 1.4.7
34 error code E404
35 verbose exit [ 1, true ]
